CONFESSIQNS 



DE 



SAINT AUGUSTIN 



LIVRE PREMIER. 

Vous êtes grand, Seigneur, et toute louange est au-dessous 
de TOUS ; votre puissance est sans bornes et votre sagesse sans 
mesure. Et cependant un homme veut vous louer; un 
homme, qui n'est qu'une si petite partie de vos créatures, et 
qui, gémissant sous le poids de sa condition mortelle, porte 
ainsi partout le témoignage de son péché et de cette force in- 
vincible avec laquelle vous résistez aux superbes; cethopime, 
cette partie si petite des ouvrages de vos mains , entreprend , 
dis-je, de vous louer, et ce dessein, c'est vous-même qui le 
lui inspirez : c'est vous qui lui inspirez encore le plaisir se- 
cret qu'il y trouve ; parce que c'est pour vous que vous nous 
avez ftdts, et que le cœur de l'homme ne trouve aucun repos, 
jusqu'au moment où il parvient à se reposer en vous. 

Daignez me faire comprendre, Seigneur, * je dois vous 
louer d'abord, ou d'abord vous invoquer; et avant de vous 
invoquer, s'il me faut vous connaître. Qui peut vous adres- 
ser ses vœux, s'il ne vous connaît? Ne risque-t-il pas d'im- 
plorer quelque autre chose à la place de vous? Mais aussi qui 
pourra vous connaître, si auparavant il ne vous a invoqué? 
